Started at Sun Aug 22 09:04:00 UTC 2021
Checking Docker Cloud docker
Finished at Sun Aug 22 09:04:00 UTC 2021. 3ms
Started at Sun Aug 22 09:09:00 UTC 2021
Checking Docker Cloud docker
Finished at Sun Aug 22 09:09:00 UTC 2021. 3ms
Started at Sun Aug 22 09:14:00 UTC 2021
Checking Docker Cloud docker
Finished at Sun Aug 22 09:14:00 UTC 2021. 3ms
Started at Sun Aug 22 09:19:00 UTC 2021
Checking Docker Cloud docker
Finished at Sun Aug 22 09:19:00 UTC 2021. 3ms
Started at Sun Aug 22 09:24:00 UTC 2021
Checking Docker Cloud docker
Finished at Sun Aug 22 09:24:00 UTC 2021. 3ms
Started at Sun Aug 22 09:29:00 UTC 2021
Checking Docker Cloud docker
Finished at Sun Aug 22 09:29:00 UTC 2021. 3ms
Started at Sun Aug 22 09:34:00 UTC 2021
Checking Docker Cloud docker
Finished at Sun Aug 22 09:34:00 UTC 2021. 11ms
Started at Sun Aug 22 09:39:00 UTC 2021
Checking Docker Cloud docker
Finished at Sun Aug 22 09:39:00 UTC 2021. 3ms
Started at Sun Aug 22 09:44:00 UTC 2021
Checking Docker Cloud docker
Finished at Sun Aug 22 09:44:00 UTC 2021. 4ms
Started at Sun Aug 22 09:49:00 UTC 2021
Checking Docker Cloud docker
Finished at Sun Aug 22 09:49:00 UTC 2021. 2ms
Started at Sun Aug 22 09:54:00 UTC 2021
Checking Docker Cloud docker
Finished at Sun Aug 22 09:54:00 UTC 2021. 3ms
Started at Sun Aug 22 09:59:00 UTC 2021
Checking Docker Cloud docker
Finished at Sun Aug 22 09:59:00 UTC 2021. 3ms
Started at Sun Aug 22 10:04:00 UTC 2021
Checking Docker Cloud docker
Finished at Sun Aug 22 10:04:00 UTC 2021. 13ms
Started at Sun Aug 22 10:09:00 UTC 2021
Checking Docker Cloud docker
Finished at Sun Aug 22 10:09:00 UTC 2021. 4ms
Started at Sun Aug 22 10:14:00 UTC 2021
Checking Docker Cloud docker
Finished at Sun Aug 22 10:14:00 UTC 2021. 5ms
Started at Sun Aug 22 10:19:00 UTC 2021
Checking Docker Cloud docker
Finished at Sun Aug 22 10:19:00 UTC 2021. 5ms
Started at Sun Aug 22 10:24:00 UTC 2021
Checking Docker Cloud docker
Finished at Sun Aug 22 10:24:00 UTC 2021. 3ms
Started at Sun Aug 22 10:29:00 UTC 2021
Checking Docker Cloud docker
Finished at Sun Aug 22 10:29:00 UTC 2021. 3ms
Started at Sun Aug 22 10:34:00 UTC 2021
Checking Docker Cloud docker
Finished at Sun Aug 22 10:34:00 UTC 2021. 5ms
Started at Sun Aug 22 10:39:00 UTC 2021
Checking Docker Cloud docker
Finished at Sun Aug 22 10:39:00 UTC 2021. 3ms
Started at Sun Aug 22 10:44:00 UTC 2021
Checking Docker Cloud docker
Finished at Sun Aug 22 10:44:00 UTC 2021. 3ms
Started at Sun Aug 22 10:49:00 UTC 2021
Checking Docker Cloud docker
Finished at Sun Aug 22 10:49:00 UTC 2021. 5ms
Started at Sun Aug 22 10:54:00 UTC 2021
Checking Docker Cloud docker
Finished at Sun Aug 22 10:54:00 UTC 2021. 4ms
Started at Sun Aug 22 10:59:00 UTC 2021
Checking Docker Cloud docker
Finished at Sun Aug 22 10:59:00 UTC 2021. 3ms
Started at Sun Aug 22 11:04:00 UTC 2021
Checking Docker Cloud docker
Finished at Sun Aug 22 11:04:00 UTC 2021. 3ms
Started at Sun Aug 22 11:09:00 UTC 2021
Checking Docker Cloud docker
Finished at Sun Aug 22 11:09:00 UTC 2021. 3ms
Started at Sun Aug 22 11:14:00 UTC 2021
Checking Docker Cloud docker
Finished at Sun Aug 22 11:14:00 UTC 2021. 3ms
Started at Sun Aug 22 11:19:00 UTC 2021
Checking Docker Cloud docker
Finished at Sun Aug 22 11:19:00 UTC 2021. 3ms
Started at Sun Aug 22 11:24:00 UTC 2021
Checking Docker Cloud docker
Finished at Sun Aug 22 11:24:00 UTC 2021. 3ms
Started at Sun Aug 22 11:29:00 UTC 2021
Checking Docker Cloud docker
Finished at Sun Aug 22 11:29:00 UTC 2021. 4ms
Started at Sun Aug 22 11:34:00 UTC 2021
Checking Docker Cloud docker
Finished at Sun Aug 22 11:34:00 UTC 2021. 3ms
Started at Sun Aug 22 11:39:00 UTC 2021
Checking Docker Cloud docker
Finished at Sun Aug 22 11:39:00 UTC 2021. 18ms
Started at Sun Aug 22 11:44:00 UTC 2021
Checking Docker Cloud docker
Finished at Sun Aug 22 11:44:00 UTC 2021. 3ms
Started at Sun Aug 22 11:49:00 UTC 2021
Checking Docker Cloud docker
Finished at Sun Aug 22 11:49:00 UTC 2021. 3ms
Started at Sun Aug 22 11:54:00 UTC 2021
Checking Docker Cloud docker
Finished at Sun Aug 22 11:54:00 UTC 2021. 4ms
Started at Sun Aug 22 11:59:00 UTC 2021
Checking Docker Cloud docker
Finished at Sun Aug 22 11:59:00 UTC 2021. 3ms
Started at Sun Aug 22 12:04:00 UTC 2021
Checking Docker Cloud docker
Finished at Sun Aug 22 12:04:00 UTC 2021. 3ms
Started at Sun Aug 22 12:09:00 UTC 2021
Checking Docker Cloud docker
Finished at Sun Aug 22 12:09:00 UTC 2021. 3ms
Started at Sun Aug 22 12:14:00 UTC 2021
Checking Docker Cloud docker
Finished at Sun Aug 22 12:14:00 UTC 2021. 3ms
Started at Sun Aug 22 12:19:00 UTC 2021
Checking Docker Cloud docker
Finished at Sun Aug 22 12:19:00 UTC 2021. 3ms
Started at Sun Aug 22 12:24:00 UTC 2021
Checking Docker Cloud docker
Finished at Sun Aug 22 12:24:00 UTC 2021. 4ms
Started at Sun Aug 22 12:29:00 UTC 2021
Checking Docker Cloud docker
Finished at Sun Aug 22 12:29:00 UTC 2021. 5ms
Started at Sun Aug 22 12:34:00 UTC 2021
Checking Docker Cloud docker
Finished at Sun Aug 22 12:34:00 UTC 2021. 3ms
Started at Sun Aug 22 12:39:00 UTC 2021
Checking Docker Cloud docker
Finished at Sun Aug 22 12:39:00 UTC 2021. 3ms
Started at Sun Aug 22 12:44:00 UTC 2021
Checking Docker Cloud docker
Finished at Sun Aug 22 12:44:00 UTC 2021. 3ms
Started at Sun Aug 22 12:49:00 UTC 2021
Checking Docker Cloud docker
Finished at Sun Aug 22 12:49:00 UTC 2021. 3ms
Started at Sun Aug 22 12:54:00 UTC 2021
Checking Docker Cloud docker
Finished at Sun Aug 22 12:54:00 UTC 2021. 4ms
Started at Sun Aug 22 12:59:00 UTC 2021
Checking Docker Cloud docker
Finished at Sun Aug 22 12:59:00 UTC 2021. 5ms
Started at Sun Aug 22 13:04:00 UTC 2021
Checking Docker Cloud docker
Finished at Sun Aug 22 13:04:00 UTC 2021. 4ms
Started at Sun Aug 22 13:09:00 UTC 2021
Checking Docker Cloud docker
Finished at Sun Aug 22 13:09:00 UTC 2021. 3ms
Started at Sun Aug 22 13:14:00 UTC 2021
Checking Docker Cloud docker
Finished at Sun Aug 22 13:14:00 UTC 2021. 3ms
Started at Sun Aug 22 13:19:00 UTC 2021
Checking Docker Cloud docker
Finished at Sun Aug 22 13:19:00 UTC 2021. 3ms
Started at Sun Aug 22 13:24:00 UTC 2021
Checking Docker Cloud docker
Finished at Sun Aug 22 13:24:00 UTC 2021. 4ms
Started at Sun Aug 22 13:29:00 UTC 2021
Checking Docker Cloud docker
Finished at Sun Aug 22 13:29:00 UTC 2021. 3ms
Started at Sun Aug 22 13:34:00 UTC 2021
Checking Docker Cloud docker
Finished at Sun Aug 22 13:34:00 UTC 2021. 3ms
Started at Sun Aug 22 13:39:00 UTC 2021
Checking Docker Cloud docker
Finished at Sun Aug 22 13:39:00 UTC 2021. 3ms
Started at Sun Aug 22 13:44:00 UTC 2021
Checking Docker Cloud docker
Finished at Sun Aug 22 13:44:00 UTC 2021. 2ms
Started at Sun Aug 22 13:49:00 UTC 2021
Checking Docker Cloud docker
Finished at Sun Aug 22 13:49:00 UTC 2021. 3ms
Started at Sun Aug 22 13:54:00 UTC 2021
Checking Docker Cloud docker
Finished at Sun Aug 22 13:54:00 UTC 2021. 3ms
Started at Sun Aug 22 13:59:00 UTC 2021
Checking Docker Cloud docker
Finished at Sun Aug 22 13:59:00 UTC 2021. 3ms
Started at Sun Aug 22 14:04:00 UTC 2021
Checking Docker Cloud docker
Finished at Sun Aug 22 14:04:00 UTC 2021. 3ms
Started at Sun Aug 22 14:09:00 UTC 2021
Checking Docker Cloud docker
Finished at Sun Aug 22 14:09:00 UTC 2021. 3ms
Started at Sun Aug 22 14:14:00 UTC 2021
Checking Docker Cloud docker
Finished at Sun Aug 22 14:14:00 UTC 2021. 2ms
Started at Sun Aug 22 14:19:00 UTC 2021
Checking Docker Cloud docker
Finished at Sun Aug 22 14:19:00 UTC 2021. 2ms
Started at Sun Aug 22 14:24:00 UTC 2021
Checking Docker Cloud docker
Finished at Sun Aug 22 14:24:00 UTC 2021. 2ms
Started at Sun Aug 22 14:29:00 UTC 2021
Checking Docker Cloud docker
Finished at Sun Aug 22 14:29:00 UTC 2021. 3ms
Started at Sun Aug 22 14:34:00 UTC 2021
Checking Docker Cloud docker
Finished at Sun Aug 22 14:34:00 UTC 2021. 3ms
Started at Sun Aug 22 14:39:00 UTC 2021
Checking Docker Cloud docker
Finished at Sun Aug 22 14:39:00 UTC 2021. 3ms
Started at Sun Aug 22 14:44:00 UTC 2021
Checking Docker Cloud docker
Finished at Sun Aug 22 14:44:00 UTC 2021. 2ms
Started at Sun Aug 22 14:49:00 UTC 2021
Checking Docker Cloud docker
Finished at Sun Aug 22 14:49:00 UTC 2021. 3ms
Started at Sun Aug 22 14:54:00 UTC 2021
Checking Docker Cloud docker
Finished at Sun Aug 22 14:54:00 UTC 2021. 5ms
Started at Sun Aug 22 14:59:00 UTC 2021
Checking Docker Cloud docker
Finished at Sun Aug 22 14:59:00 UTC 2021. 3ms
Started at Sun Aug 22 15:04:00 UTC 2021
Checking Docker Cloud docker
Finished at Sun Aug 22 15:04:00 UTC 2021. 3ms
Started at Sun Aug 22 15:09:00 UTC 2021
Checking Docker Cloud docker
Finished at Sun Aug 22 15:09:00 UTC 2021. 4ms
Started at Sun Aug 22 15:14:00 UTC 2021
Checking Docker Cloud docker
Finished at Sun Aug 22 15:14:00 UTC 2021. 2ms
Started at Sun Aug 22 15:19:00 UTC 2021
Checking Docker Cloud docker
Finished at Sun Aug 22 15:19:00 UTC 2021. 3ms
Started at Sun Aug 22 15:24:00 UTC 2021
Checking Docker Cloud docker
Finished at Sun Aug 22 15:24:00 UTC 2021. 17ms
Started at Sun Aug 22 15:29:00 UTC 2021
Checking Docker Cloud docker
Finished at Sun Aug 22 15:29:00 UTC 2021. 4ms
Started at Sun Aug 22 15:34:00 UTC 2021
Checking Docker Cloud docker
Finished at Sun Aug 22 15:34:00 UTC 2021. 4ms
Started at Sun Aug 22 15:39:00 UTC 2021
Checking Docker Cloud docker
Finished at Sun Aug 22 15:39:00 UTC 2021. 4ms
Started at Sun Aug 22 15:44:00 UTC 2021
Checking Docker Cloud docker
Finished at Sun Aug 22 15:44:00 UTC 2021. 12ms
Started at Sun Aug 22 15:49:00 UTC 2021
Checking Docker Cloud docker
Finished at Sun Aug 22 15:49:00 UTC 2021. 4ms
Started at Sun Aug 22 15:54:00 UTC 2021
Checking Docker Cloud docker
Finished at Sun Aug 22 15:54:00 UTC 2021. 3ms
Started at Sun Aug 22 15:59:00 UTC 2021
Checking Docker Cloud docker
Finished at Sun Aug 22 15:59:00 UTC 2021. 3ms
Started at Sun Aug 22 16:04:00 UTC 2021
Checking Docker Cloud docker
Finished at Sun Aug 22 16:04:00 UTC 2021. 3ms
Started at Sun Aug 22 16:09:00 UTC 2021
Checking Docker Cloud docker
Finished at Sun Aug 22 16:09:00 UTC 2021. 3ms
Started at Sun Aug 22 16:14:00 UTC 2021
Checking Docker Cloud docker
Finished at Sun Aug 22 16:14:00 UTC 2021. 4ms
Started at Sun Aug 22 16:19:00 UTC 2021
Checking Docker Cloud docker
Finished at Sun Aug 22 16:19:00 UTC 2021. 5ms
Started at Sun Aug 22 16:24:00 UTC 2021
Checking Docker Cloud docker
Finished at Sun Aug 22 16:24:00 UTC 2021. 4ms
Started at Sun Aug 22 16:29:00 UTC 2021
Checking Docker Cloud docker
Finished at Sun Aug 22 16:29:00 UTC 2021. 3ms
Started at Sun Aug 22 16:34:00 UTC 2021
Checking Docker Cloud docker
Finished at Sun Aug 22 16:34:00 UTC 2021. 3ms
Started at Sun Aug 22 16:39:00 UTC 2021
Checking Docker Cloud docker
Finished at Sun Aug 22 16:39:00 UTC 2021. 3ms
Started at Sun Aug 22 16:44:00 UTC 2021
Checking Docker Cloud docker
Finished at Sun Aug 22 16:44:00 UTC 2021. 21ms
Started at Sun Aug 22 16:49:00 UTC 2021
Checking Docker Cloud docker
Finished at Sun Aug 22 16:49:00 UTC 2021. 4ms
Started at Sun Aug 22 16:54:00 UTC 2021
Checking Docker Cloud docker
Finished at Sun Aug 22 16:54:00 UTC 2021. 5ms
Started at Sun Aug 22 16:59:00 UTC 2021
Checking Docker Cloud docker
Finished at Sun Aug 22 16:59:00 UTC 2021. 4ms
Started at Sun Aug 22 17:04:00 UTC 2021
Checking Docker Cloud docker
Finished at Sun Aug 22 17:04:00 UTC 2021. 5ms
Started at Sun Aug 22 17:09:00 UTC 2021
Checking Docker Cloud docker
Finished at Sun Aug 22 17:09:00 UTC 2021. 3ms
Started at Sun Aug 22 17:14:00 UTC 2021
Checking Docker Cloud docker
Finished at Sun Aug 22 17:14:00 UTC 2021. 3ms
Started at Sun Aug 22 17:19:00 UTC 2021
Checking Docker Cloud docker
Finished at Sun Aug 22 17:19:00 UTC 2021. 3ms
Started at Sun Aug 22 17:24:00 UTC 2021
Checking Docker Cloud docker
Finished at Sun Aug 22 17:24:00 UTC 2021. 4ms
Started at Sun Aug 22 17:29:00 UTC 2021
Checking Docker Cloud docker
Finished at Sun Aug 22 17:29:00 UTC 2021. 3ms
Started at Sun Aug 22 17:34:00 UTC 2021
Checking Docker Cloud docker
Finished at Sun Aug 22 17:34:00 UTC 2021. 3ms
Started at Sun Aug 22 17:39:00 UTC 2021
Checking Docker Cloud docker
Finished at Sun Aug 22 17:39:00 UTC 2021. 3ms
Started at Sun Aug 22 17:44:00 UTC 2021
Checking Docker Cloud docker
Finished at Sun Aug 22 17:44:00 UTC 2021. 3ms
Started at Sun Aug 22 17:49:00 UTC 2021
Checking Docker Cloud docker
Finished at Sun Aug 22 17:49:00 UTC 2021. 3ms
Started at Sun Aug 22 17:54:00 UTC 2021
Checking Docker Cloud docker
Finished at Sun Aug 22 17:54:00 UTC 2021. 3ms
Started at Sun Aug 22 17:59:00 UTC 2021
Checking Docker Cloud docker
Finished at Sun Aug 22 17:59:00 UTC 2021. 3ms
Started at Sun Aug 22 18:04:00 UTC 2021
Checking Docker Cloud docker
Finished at Sun Aug 22 18:04:00 UTC 2021. 3ms
Started at Sun Aug 22 18:09:00 UTC 2021
Checking Docker Cloud docker
Finished at Sun Aug 22 18:09:00 UTC 2021. 3ms
Started at Sun Aug 22 18:14:00 UTC 2021
Checking Docker Cloud docker
Finished at Sun Aug 22 18:14:00 UTC 2021. 4ms
Started at Sun Aug 22 18:19:00 UTC 2021
Checking Docker Cloud docker
Finished at Sun Aug 22 18:19:00 UTC 2021. 3ms
Started at Sun Aug 22 18:24:00 UTC 2021
Checking Docker Cloud docker
Finished at Sun Aug 22 18:24:00 UTC 2021. 2ms
Started at Sun Aug 22 18:29:00 UTC 2021
Checking Docker Cloud docker
Finished at Sun Aug 22 18:29:00 UTC 2021. 3ms
Started at Sun Aug 22 18:34:00 UTC 2021
Checking Docker Cloud docker
Finished at Sun Aug 22 18:34:00 UTC 2021. 3ms
Started at Sun Aug 22 18:39:00 UTC 2021
Checking Docker Cloud docker
Finished at Sun Aug 22 18:39:00 UTC 2021. 4ms
Started at Sun Aug 22 18:44:00 UTC 2021
Checking Docker Cloud docker
Finished at Sun Aug 22 18:44:00 UTC 2021. 3ms
Started at Sun Aug 22 18:49:00 UTC 2021
Checking Docker Cloud docker
Finished at Sun Aug 22 18:49:00 UTC 2021. 4ms
Started at Sun Aug 22 18:54:00 UTC 2021
Checking Docker Cloud docker
Finished at Sun Aug 22 18:54:00 UTC 2021. 3ms
Started at Sun Aug 22 18:59:00 UTC 2021
Checking Docker Cloud docker
Finished at Sun Aug 22 18:59:00 UTC 2021. 3ms
Started at Sun Aug 22 19:04:00 UTC 2021
Checking Docker Cloud docker
Finished at Sun Aug 22 19:04:00 UTC 2021. 4ms
Started at Sun Aug 22 19:09:00 UTC 2021
Checking Docker Cloud docker
Finished at Sun Aug 22 19:09:00 UTC 2021. 2ms
Started at Sun Aug 22 19:14:00 UTC 2021
Checking Docker Cloud docker
Finished at Sun Aug 22 19:14:00 UTC 2021. 3ms
Started at Sun Aug 22 19:19:00 UTC 2021
Checking Docker Cloud docker
Finished at Sun Aug 22 19:19:00 UTC 2021. 3ms
Started at Sun Aug 22 19:24:00 UTC 2021
Checking Docker Cloud docker
Finished at Sun Aug 22 19:24:00 UTC 2021. 2ms
Started at Sun Aug 22 19:29:00 UTC 2021
Checking Docker Cloud docker
Finished at Sun Aug 22 19:29:00 UTC 2021. 3ms
Started at Sun Aug 22 19:34:00 UTC 2021
Checking Docker Cloud docker
Finished at Sun Aug 22 19:34:00 UTC 2021. 3ms
Started at Sun Aug 22 19:39:00 UTC 2021
Checking Docker Cloud docker
Finished at Sun Aug 22 19:39:00 UTC 2021. 14ms
Started at Sun Aug 22 19:44:00 UTC 2021
Checking Docker Cloud docker
Finished at Sun Aug 22 19:44:00 UTC 2021. 4ms
Started at Sun Aug 22 19:49:00 UTC 2021
Checking Docker Cloud docker
Finished at Sun Aug 22 19:49:00 UTC 2021. 3ms
Started at Sun Aug 22 19:54:00 UTC 2021
Checking Docker Cloud docker
Finished at Sun Aug 22 19:54:00 UTC 2021. 4ms
Started at Sun Aug 22 19:59:00 UTC 2021
Checking Docker Cloud docker
Finished at Sun Aug 22 19:59:00 UTC 2021. 3ms
Started at Sun Aug 22 20:04:00 UTC 2021
Checking Docker Cloud docker
Finished at Sun Aug 22 20:04:00 UTC 2021. 2ms
Started at Sun Aug 22 20:09:00 UTC 2021
Checking Docker Cloud docker
Finished at Sun Aug 22 20:09:00 UTC 2021. 3ms
Started at Sun Aug 22 20:14:00 UTC 2021
Checking Docker Cloud docker
Finished at Sun Aug 22 20:14:00 UTC 2021. 3ms
Started at Sun Aug 22 20:19:00 UTC 2021
Checking Docker Cloud docker
Finished at Sun Aug 22 20:19:00 UTC 2021. 3ms
Started at Sun Aug 22 20:24:00 UTC 2021
Checking Docker Cloud docker
Finished at Sun Aug 22 20:24:00 UTC 2021. 3ms
Started at Sun Aug 22 20:29:00 UTC 2021
Checking Docker Cloud docker
Finished at Sun Aug 22 20:29:00 UTC 2021. 3ms
Started at Sun Aug 22 20:34:00 UTC 2021
Checking Docker Cloud docker
Finished at Sun Aug 22 20:34:00 UTC 2021. 3ms
Started at Sun Aug 22 20:39:00 UTC 2021
Checking Docker Cloud docker
Finished at Sun Aug 22 20:39:00 UTC 2021. 2ms
Started at Sun Aug 22 20:44:00 UTC 2021
Checking Docker Cloud docker
Finished at Sun Aug 22 20:44:00 UTC 2021. 3ms
Started at Sun Aug 22 20:49:00 UTC 2021
Checking Docker Cloud docker
Finished at Sun Aug 22 20:49:00 UTC 2021. 4ms
Started at Sun Aug 22 20:54:00 UTC 2021
Checking Docker Cloud docker
Finished at Sun Aug 22 20:54:00 UTC 2021. 8ms
Started at Sun Aug 22 20:59:00 UTC 2021
Checking Docker Cloud docker
Finished at Sun Aug 22 20:59:00 UTC 2021. 3ms
Started at Sun Aug 22 21:04:00 UTC 2021
Checking Docker Cloud docker
Finished at Sun Aug 22 21:04:00 UTC 2021. 3ms
Started at Sun Aug 22 21:09:00 UTC 2021
Checking Docker Cloud docker
Finished at Sun Aug 22 21:09:00 UTC 2021. 3ms
Started at Sun Aug 22 21:14:00 UTC 2021
Checking Docker Cloud docker
Finished at Sun Aug 22 21:14:00 UTC 2021. 2ms
Started at Sun Aug 22 21:19:00 UTC 2021
Checking Docker Cloud docker
Finished at Sun Aug 22 21:19:00 UTC 2021. 3ms
Started at Sun Aug 22 21:24:00 UTC 2021
Checking Docker Cloud docker
Finished at Sun Aug 22 21:24:00 UTC 2021. 3ms
Started at Sun Aug 22 21:29:00 UTC 2021
Checking Docker Cloud docker
Finished at Sun Aug 22 21:29:00 UTC 2021. 4ms
Started at Sun Aug 22 21:34:00 UTC 2021
Checking Docker Cloud docker
Finished at Sun Aug 22 21:34:00 UTC 2021. 4ms
Started at Sun Aug 22 21:39:00 UTC 2021
Checking Docker Cloud docker
Finished at Sun Aug 22 21:39:00 UTC 2021. 3ms
Started at Sun Aug 22 21:44:00 UTC 2021
Checking Docker Cloud docker
Finished at Sun Aug 22 21:44:00 UTC 2021. 3ms
Started at Sun Aug 22 21:49:00 UTC 2021
Checking Docker Cloud docker
Finished at Sun Aug 22 21:49:00 UTC 2021. 3ms
Started at Sun Aug 22 21:54:00 UTC 2021
Checking Docker Cloud docker
Finished at Sun Aug 22 21:54:00 UTC 2021. 3ms
Started at Sun Aug 22 21:59:00 UTC 2021
Checking Docker Cloud docker
Finished at Sun Aug 22 21:59:00 UTC 2021. 3ms
Started at Sun Aug 22 22:04:00 UTC 2021
Checking Docker Cloud docker
Finished at Sun Aug 22 22:04:00 UTC 2021. 3ms
Started at Sun Aug 22 22:09:00 UTC 2021
Checking Docker Cloud docker
Finished at Sun Aug 22 22:09:00 UTC 2021. 5ms
Started at Sun Aug 22 22:14:00 UTC 2021
Checking Docker Cloud docker
Finished at Sun Aug 22 22:14:00 UTC 2021. 3ms
Started at Sun Aug 22 22:19:00 UTC 2021
Checking Docker Cloud docker
Finished at Sun Aug 22 22:19:00 UTC 2021. 3ms
Started at Sun Aug 22 22:24:00 UTC 2021
Checking Docker Cloud docker
Finished at Sun Aug 22 22:24:00 UTC 2021. 2ms
Started at Sun Aug 22 22:29:00 UTC 2021
Checking Docker Cloud docker
Finished at Sun Aug 22 22:29:00 UTC 2021. 3ms
Started at Sun Aug 22 22:34:00 UTC 2021
Checking Docker Cloud docker
Finished at Sun Aug 22 22:34:00 UTC 2021. 3ms
Started at Sun Aug 22 22:39:00 UTC 2021
Checking Docker Cloud docker
Finished at Sun Aug 22 22:39:00 UTC 2021. 3ms
Started at Sun Aug 22 22:44:00 UTC 2021
Checking Docker Cloud docker
Finished at Sun Aug 22 22:44:00 UTC 2021. 4ms
Started at Sun Aug 22 22:49:00 UTC 2021
Checking Docker Cloud docker
Finished at Sun Aug 22 22:49:00 UTC 2021. 3ms
Started at Sun Aug 22 22:54:00 UTC 2021
Checking Docker Cloud docker
Finished at Sun Aug 22 22:54:00 UTC 2021. 3ms
Started at Sun Aug 22 22:59:00 UTC 2021
Checking Docker Cloud docker
Finished at Sun Aug 22 22:59:00 UTC 2021. 3ms
Started at Sun Aug 22 23:04:00 UTC 2021
Checking Docker Cloud docker
Finished at Sun Aug 22 23:04:00 UTC 2021. 3ms
Started at Sun Aug 22 23:09:00 UTC 2021
Checking Docker Cloud docker
Finished at Sun Aug 22 23:09:00 UTC 2021. 3ms
Started at Sun Aug 22 23:14:00 UTC 2021
Checking Docker Cloud docker
Finished at Sun Aug 22 23:14:00 UTC 2021. 5ms
Started at Sun Aug 22 23:19:00 UTC 2021
Checking Docker Cloud docker
Finished at Sun Aug 22 23:19:00 UTC 2021. 3ms
Started at Sun Aug 22 23:24:00 UTC 2021
Checking Docker Cloud docker
Finished at Sun Aug 22 23:24:00 UTC 2021. 3ms
Started at Sun Aug 22 23:29:00 UTC 2021
Checking Docker Cloud docker
Finished at Sun Aug 22 23:29:00 UTC 2021. 3ms
Started at Sun Aug 22 23:34:00 UTC 2021
Checking Docker Cloud docker
Finished at Sun Aug 22 23:34:00 UTC 2021. 3ms
Started at Sun Aug 22 23:39:00 UTC 2021
Checking Docker Cloud docker
Finished at Sun Aug 22 23:39:00 UTC 2021. 2ms
Started at Sun Aug 22 23:44:00 UTC 2021
Checking Docker Cloud docker
Finished at Sun Aug 22 23:44:00 UTC 2021. 4ms
Started at Sun Aug 22 23:49:00 UTC 2021
Checking Docker Cloud docker
Finished at Sun Aug 22 23:49:00 UTC 2021. 2ms
Started at Sun Aug 22 23:54:00 UTC 2021
Checking Docker Cloud docker
Finished at Sun Aug 22 23:54:00 UTC 2021. 3ms
Started at Sun Aug 22 23:59:00 UTC 2021
Checking Docker Cloud docker
Finished at Sun Aug 22 23:59:00 UTC 2021. 2ms
Started at Mon Aug 23 00:04:00 UTC 2021
Checking Docker Cloud docker
Finished at Mon Aug 23 00:04:00 UTC 2021. 19ms
Started at Mon Aug 23 00:09:00 UTC 2021
Checking Docker Cloud docker
Finished at Mon Aug 23 00:09:00 UTC 2021. 6ms
Started at Mon Aug 23 00:14:00 UTC 2021
Checking Docker Cloud docker
Finished at Mon Aug 23 00:14:00 UTC 2021. 3ms
Started at Mon Aug 23 00:19:00 UTC 2021
Checking Docker Cloud docker
Finished at Mon Aug 23 00:19:00 UTC 2021. 4ms
Started at Mon Aug 23 00:24:00 UTC 2021
Checking Docker Cloud docker
Finished at Mon Aug 23 00:24:00 UTC 2021. 5ms
Started at Mon Aug 23 00:29:00 UTC 2021
Checking Docker Cloud docker
Finished at Mon Aug 23 00:29:00 UTC 2021. 3ms
Started at Mon Aug 23 00:34:00 UTC 2021
Checking Docker Cloud docker
Finished at Mon Aug 23 00:34:00 UTC 2021. 2ms
Started at Mon Aug 23 00:39:00 UTC 2021
Checking Docker Cloud docker
Finished at Mon Aug 23 00:39:00 UTC 2021. 4ms
Started at Mon Aug 23 00:44:00 UTC 2021
Checking Docker Cloud docker
Finished at Mon Aug 23 00:44:00 UTC 2021. 3ms
Started at Mon Aug 23 00:49:00 UTC 2021
Checking Docker Cloud docker
Finished at Mon Aug 23 00:49:00 UTC 2021. 3ms
Started at Mon Aug 23 00:54:00 UTC 2021
Checking Docker Cloud docker
Finished at Mon Aug 23 00:54:00 UTC 2021. 3ms
Started at Mon Aug 23 00:59:00 UTC 2021
Checking Docker Cloud docker
Finished at Mon Aug 23 00:59:00 UTC 2021. 4ms
Started at Mon Aug 23 01:04:00 UTC 2021
Checking Docker Cloud docker
Finished at Mon Aug 23 01:04:00 UTC 2021. 3ms
Started at Mon Aug 23 01:09:00 UTC 2021
Checking Docker Cloud docker
Finished at Mon Aug 23 01:09:00 UTC 2021. 3ms
Started at Mon Aug 23 01:14:00 UTC 2021
Checking Docker Cloud docker
Finished at Mon Aug 23 01:14:00 UTC 2021. 2ms
Started at Mon Aug 23 01:19:00 UTC 2021
Checking Docker Cloud docker
Finished at Mon Aug 23 01:19:00 UTC 2021. 3ms
Started at Mon Aug 23 01:24:00 UTC 2021
Checking Docker Cloud docker
Finished at Mon Aug 23 01:24:00 UTC 2021. 3ms
Started at Mon Aug 23 01:29:00 UTC 2021
Checking Docker Cloud docker
Finished at Mon Aug 23 01:29:00 UTC 2021. 4ms
Started at Mon Aug 23 01:34:00 UTC 2021
Checking Docker Cloud docker
Finished at Mon Aug 23 01:34:00 UTC 2021. 3ms
Started at Mon Aug 23 01:39:00 UTC 2021
Checking Docker Cloud docker
Finished at Mon Aug 23 01:39:00 UTC 2021. 3ms
Started at Mon Aug 23 01:44:00 UTC 2021
Checking Docker Cloud docker
Finished at Mon Aug 23 01:44:00 UTC 2021. 3ms
Started at Mon Aug 23 01:49:00 UTC 2021
Checking Docker Cloud docker
Finished at Mon Aug 23 01:49:00 UTC 2021. 5ms
Started at Mon Aug 23 01:54:00 UTC 2021
Checking Docker Cloud docker
Finished at Mon Aug 23 01:54:00 UTC 2021. 2ms
Started at Mon Aug 23 01:59:00 UTC 2021
Checking Docker Cloud docker
Finished at Mon Aug 23 01:59:00 UTC 2021. 3ms
Started at Mon Aug 23 02:04:00 UTC 2021
Checking Docker Cloud docker
Finished at Mon Aug 23 02:04:00 UTC 2021. 4ms
Started at Mon Aug 23 02:09:00 UTC 2021
Checking Docker Cloud docker
Finished at Mon Aug 23 02:09:00 UTC 2021. 4ms
Started at Mon Aug 23 02:14:00 UTC 2021
Checking Docker Cloud docker
Finished at Mon Aug 23 02:14:00 UTC 2021. 3ms
Started at Mon Aug 23 02:19:00 UTC 2021
Checking Docker Cloud docker
Finished at Mon Aug 23 02:19:00 UTC 2021. 3ms
Started at Mon Aug 23 02:24:00 UTC 2021
Checking Docker Cloud docker
Finished at Mon Aug 23 02:24:00 UTC 2021. 5ms
Started at Mon Aug 23 02:29:00 UTC 2021
Checking Docker Cloud docker
Finished at Mon Aug 23 02:29:00 UTC 2021. 3ms
Started at Mon Aug 23 02:34:00 UTC 2021
Checking Docker Cloud docker
Finished at Mon Aug 23 02:34:00 UTC 2021. 3ms
Started at Mon Aug 23 02:39:00 UTC 2021
Checking Docker Cloud docker
Finished at Mon Aug 23 02:39:00 UTC 2021. 3ms
Started at Mon Aug 23 02:44:00 UTC 2021
Checking Docker Cloud docker
Finished at Mon Aug 23 02:44:00 UTC 2021. 2ms
Started at Mon Aug 23 02:49:00 UTC 2021
Checking Docker Cloud docker
Finished at Mon Aug 23 02:49:00 UTC 2021. 3ms
Started at Mon Aug 23 02:54:00 UTC 2021
Checking Docker Cloud docker
Finished at Mon Aug 23 02:54:00 UTC 2021. 2ms
Started at Mon Aug 23 02:59:00 UTC 2021
Checking Docker Cloud docker
Finished at Mon Aug 23 02:59:00 UTC 2021. 3ms
Started at Mon Aug 23 03:04:00 UTC 2021
Checking Docker Cloud docker
Finished at Mon Aug 23 03:04:00 UTC 2021. 3ms
Started at Mon Aug 23 03:09:00 UTC 2021
Checking Docker Cloud docker
Finished at Mon Aug 23 03:09:00 UTC 2021. 4ms
Started at Mon Aug 23 03:14:00 UTC 2021
Checking Docker Cloud docker
Finished at Mon Aug 23 03:14:00 UTC 2021. 5ms
Started at Mon Aug 23 03:19:00 UTC 2021
Checking Docker Cloud docker
Finished at Mon Aug 23 03:19:00 UTC 2021. 3ms
Started at Mon Aug 23 03:24:00 UTC 2021
Checking Docker Cloud docker
Finished at Mon Aug 23 03:24:00 UTC 2021. 5ms
Started at Mon Aug 23 03:29:00 UTC 2021
Checking Docker Cloud docker
Finished at Mon Aug 23 03:29:00 UTC 2021. 4ms
Started at Mon Aug 23 03:34:00 UTC 2021
Checking Docker Cloud docker
Finished at Mon Aug 23 03:34:00 UTC 2021. 3ms
Started at Mon Aug 23 03:39:00 UTC 2021
Checking Docker Cloud docker
Finished at Mon Aug 23 03:39:00 UTC 2021. 3ms
Started at Mon Aug 23 03:44:00 UTC 2021
Checking Docker Cloud docker
Finished at Mon Aug 23 03:44:00 UTC 2021. 2ms
Started at Mon Aug 23 03:49:00 UTC 2021
Checking Docker Cloud docker
Finished at Mon Aug 23 03:49:00 UTC 2021. 3ms
Started at Mon Aug 23 03:54:00 UTC 2021
Checking Docker Cloud docker
Finished at Mon Aug 23 03:54:00 UTC 2021. 3ms
Started at Mon Aug 23 03:59:00 UTC 2021
Checking Docker Cloud docker
Finished at Mon Aug 23 03:59:00 UTC 2021. 11ms
Started at Mon Aug 23 04:04:00 UTC 2021
Checking Docker Cloud docker
Finished at Mon Aug 23 04:04:00 UTC 2021. 6ms
Started at Mon Aug 23 04:09:00 UTC 2021
Checking Docker Cloud docker
Finished at Mon Aug 23 04:09:00 UTC 2021. 4ms
Started at Mon Aug 23 04:14:00 UTC 2021
Checking Docker Cloud docker
Finished at Mon Aug 23 04:14:00 UTC 2021. 4ms
Started at Mon Aug 23 04:19:00 UTC 2021
Checking Docker Cloud docker
Finished at Mon Aug 23 04:19:00 UTC 2021. 2ms
Started at Mon Aug 23 04:24:00 UTC 2021
Checking Docker Cloud docker
Finished at Mon Aug 23 04:24:00 UTC 2021. 2ms
Started at Mon Aug 23 04:29:00 UTC 2021
Checking Docker Cloud docker
Finished at Mon Aug 23 04:29:00 UTC 2021. 3ms
Started at Mon Aug 23 04:34:00 UTC 2021
Checking Docker Cloud docker
Finished at Mon Aug 23 04:34:00 UTC 2021. 3ms
Started at Mon Aug 23 04:39:00 UTC 2021
Checking Docker Cloud docker
Finished at Mon Aug 23 04:39:00 UTC 2021. 3ms
Started at Mon Aug 23 04:44:00 UTC 2021
Checking Docker Cloud docker
Finished at Mon Aug 23 04:44:00 UTC 2021. 3ms
Started at Mon Aug 23 04:49:00 UTC 2021
Checking Docker Cloud docker
Finished at Mon Aug 23 04:49:00 UTC 2021. 3ms
Started at Mon Aug 23 04:54:00 UTC 2021
Checking Docker Cloud docker
Finished at Mon Aug 23 04:54:00 UTC 2021. 3ms
Started at Mon Aug 23 04:59:00 UTC 2021
Checking Docker Cloud docker
Finished at Mon Aug 23 04:59:00 UTC 2021. 4ms
Started at Mon Aug 23 05:04:00 UTC 2021
Checking Docker Cloud docker
Finished at Mon Aug 23 05:04:00 UTC 2021. 3ms
Started at Mon Aug 23 05:09:00 UTC 2021
Checking Docker Cloud docker
Finished at Mon Aug 23 05:09:00 UTC 2021. 3ms
Started at Mon Aug 23 05:14:00 UTC 2021
Checking Docker Cloud docker
Finished at Mon Aug 23 05:14:00 UTC 2021. 8ms
Started at Mon Aug 23 05:19:00 UTC 2021
Checking Docker Cloud docker
Finished at Mon Aug 23 05:19:00 UTC 2021. 3ms
Started at Mon Aug 23 05:24:00 UTC 2021
Checking Docker Cloud docker
Finished at Mon Aug 23 05:24:00 UTC 2021. 3ms
Started at Mon Aug 23 05:29:00 UTC 2021
Checking Docker Cloud docker
Finished at Mon Aug 23 05:29:00 UTC 2021. 3ms
Started at Mon Aug 23 05:34:00 UTC 2021
Checking Docker Cloud docker
Finished at Mon Aug 23 05:34:00 UTC 2021. 3ms
Started at Mon Aug 23 05:39:00 UTC 2021
Checking Docker Cloud docker
Finished at Mon Aug 23 05:39:00 UTC 2021. 3ms
Started at Mon Aug 23 05:44:00 UTC 2021
Checking Docker Cloud docker
Finished at Mon Aug 23 05:44:00 UTC 2021. 7ms
Started at Mon Aug 23 05:49:00 UTC 2021
Checking Docker Cloud docker
Finished at Mon Aug 23 05:49:00 UTC 2021. 3ms
Started at Mon Aug 23 05:54:00 UTC 2021
Checking Docker Cloud docker
Finished at Mon Aug 23 05:54:00 UTC 2021. 3ms
Started at Mon Aug 23 05:59:00 UTC 2021
Checking Docker Cloud docker
Finished at Mon Aug 23 05:59:00 UTC 2021. 3ms
Started at Mon Aug 23 06:04:00 UTC 2021
Checking Docker Cloud docker
Finished at Mon Aug 23 06:04:00 UTC 2021. 3ms
Started at Mon Aug 23 06:09:00 UTC 2021
Checking Docker Cloud docker
Finished at Mon Aug 23 06:09:00 UTC 2021. 4ms
Started at Mon Aug 23 06:14:00 UTC 2021
Checking Docker Cloud docker
Finished at Mon Aug 23 06:14:00 UTC 2021. 5ms
Started at Mon Aug 23 06:19:00 UTC 2021
Checking Docker Cloud docker
Finished at Mon Aug 23 06:19:00 UTC 2021. 3ms
Started at Mon Aug 23 06:24:00 UTC 2021
Checking Docker Cloud docker
Finished at Mon Aug 23 06:24:00 UTC 2021. 3ms
Started at Mon Aug 23 06:29:00 UTC 2021
Checking Docker Cloud docker
Finished at Mon Aug 23 06:29:00 UTC 2021. 3ms
Started at Mon Aug 23 06:34:00 UTC 2021
Checking Docker Cloud docker
Finished at Mon Aug 23 06:34:00 UTC 2021. 9ms
Started at Mon Aug 23 06:39:00 UTC 2021
Checking Docker Cloud docker
Finished at Mon Aug 23 06:39:00 UTC 2021. 4ms
Started at Mon Aug 23 06:44:00 UTC 2021
Checking Docker Cloud docker
Finished at Mon Aug 23 06:44:00 UTC 2021. 5ms
Started at Mon Aug 23 06:49:00 UTC 2021
Checking Docker Cloud docker
Finished at Mon Aug 23 06:49:00 UTC 2021. 6ms
Started at Mon Aug 23 06:54:00 UTC 2021
Checking Docker Cloud docker
Finished at Mon Aug 23 06:54:00 UTC 2021. 11ms
Started at Mon Aug 23 06:59:00 UTC 2021
Checking Docker Cloud docker
Finished at Mon Aug 23 06:59:00 UTC 2021. 4ms
Started at Mon Aug 23 07:04:00 UTC 2021
Checking Docker Cloud docker
Finished at Mon Aug 23 07:04:00 UTC 2021. 5ms
Started at Mon Aug 23 07:09:00 UTC 2021
Checking Docker Cloud docker
Finished at Mon Aug 23 07:09:00 UTC 2021. 3ms
Started at Mon Aug 23 07:14:00 UTC 2021
Checking Docker Cloud docker
Finished at Mon Aug 23 07:14:00 UTC 2021. 3ms
Started at Mon Aug 23 07:19:00 UTC 2021
Checking Docker Cloud docker
Finished at Mon Aug 23 07:19:00 UTC 2021. 3ms
Started at Mon Aug 23 07:24:00 UTC 2021
Checking Docker Cloud docker
Finished at Mon Aug 23 07:24:00 UTC 2021. 3ms
