Started at Sun Aug 22 08:13:01 UTC 2021
Processing Day0FabricSetup
Offering Day0FabricSetup to Project Build Discarder
Processing TenantOnboardingWithNAE
Offering TenantOnboardingWithNAE to Project Build Discarder
Processing UsingJenkinsWithACI-Freestyle
Offering UsingJenkinsWithACI-Freestyle to Project Build Discarder
Processing UsingJenkinsWithACI-Pipeline
Offering UsingJenkinsWithACI-Pipeline to Project Build Discarder
Processing webex-pipeline-test
Offering webex-pipeline-test to Project Build Discarder
Finished at Sun Aug 22 08:13:01 UTC 2021. 1ms
Started at Sun Aug 22 09:13:01 UTC 2021
Processing Day0FabricSetup
Offering Day0FabricSetup to Project Build Discarder
Processing TenantOnboardingWithNAE
Offering TenantOnboardingWithNAE to Project Build Discarder
Processing UsingJenkinsWithACI-Freestyle
Offering UsingJenkinsWithACI-Freestyle to Project Build Discarder
Processing UsingJenkinsWithACI-Pipeline
Offering UsingJenkinsWithACI-Pipeline to Project Build Discarder
Processing webex-pipeline-test
Offering webex-pipeline-test to Project Build Discarder
Finished at Sun Aug 22 09:13:01 UTC 2021. 1ms
Started at Sun Aug 22 10:13:01 UTC 2021
Processing Day0FabricSetup
Offering Day0FabricSetup to Project Build Discarder
Processing TenantOnboardingWithNAE
Offering TenantOnboardingWithNAE to Project Build Discarder
Processing UsingJenkinsWithACI-Freestyle
Offering UsingJenkinsWithACI-Freestyle to Project Build Discarder
Processing UsingJenkinsWithACI-Pipeline
Offering UsingJenkinsWithACI-Pipeline to Project Build Discarder
Processing webex-pipeline-test
Offering webex-pipeline-test to Project Build Discarder
Finished at Sun Aug 22 10:13:01 UTC 2021. 0ms
Started at Sun Aug 22 11:13:01 UTC 2021
Processing Day0FabricSetup
Offering Day0FabricSetup to Project Build Discarder
Processing TenantOnboardingWithNAE
Offering TenantOnboardingWithNAE to Project Build Discarder
Processing UsingJenkinsWithACI-Freestyle
Offering UsingJenkinsWithACI-Freestyle to Project Build Discarder
Processing UsingJenkinsWithACI-Pipeline
Offering UsingJenkinsWithACI-Pipeline to Project Build Discarder
Processing webex-pipeline-test
Offering webex-pipeline-test to Project Build Discarder
Finished at Sun Aug 22 11:13:01 UTC 2021. 1ms
Started at Sun Aug 22 12:13:01 UTC 2021
Processing Day0FabricSetup
Offering Day0FabricSetup to Project Build Discarder
Processing TenantOnboardingWithNAE
Offering TenantOnboardingWithNAE to Project Build Discarder
Processing UsingJenkinsWithACI-Freestyle
Offering UsingJenkinsWithACI-Freestyle to Project Build Discarder
Processing UsingJenkinsWithACI-Pipeline
Offering UsingJenkinsWithACI-Pipeline to Project Build Discarder
Processing webex-pipeline-test
Offering webex-pipeline-test to Project Build Discarder
Finished at Sun Aug 22 12:13:01 UTC 2021. 0ms
Started at Sun Aug 22 13:13:01 UTC 2021
Processing Day0FabricSetup
Offering Day0FabricSetup to Project Build Discarder
Processing TenantOnboardingWithNAE
Offering TenantOnboardingWithNAE to Project Build Discarder
Processing UsingJenkinsWithACI-Freestyle
Offering UsingJenkinsWithACI-Freestyle to Project Build Discarder
Processing UsingJenkinsWithACI-Pipeline
Offering UsingJenkinsWithACI-Pipeline to Project Build Discarder
Processing webex-pipeline-test
Offering webex-pipeline-test to Project Build Discarder
Finished at Sun Aug 22 13:13:01 UTC 2021. 1ms
Started at Sun Aug 22 14:13:01 UTC 2021
Processing Day0FabricSetup
Offering Day0FabricSetup to Project Build Discarder
Processing TenantOnboardingWithNAE
Offering TenantOnboardingWithNAE to Project Build Discarder
Processing UsingJenkinsWithACI-Freestyle
Offering UsingJenkinsWithACI-Freestyle to Project Build Discarder
Processing UsingJenkinsWithACI-Pipeline
Offering UsingJenkinsWithACI-Pipeline to Project Build Discarder
Processing webex-pipeline-test
Offering webex-pipeline-test to Project Build Discarder
Finished at Sun Aug 22 14:13:01 UTC 2021. 0ms
Started at Sun Aug 22 15:13:01 UTC 2021
Processing Day0FabricSetup
Offering Day0FabricSetup to Project Build Discarder
Processing TenantOnboardingWithNAE
Offering TenantOnboardingWithNAE to Project Build Discarder
Processing UsingJenkinsWithACI-Freestyle
Offering UsingJenkinsWithACI-Freestyle to Project Build Discarder
Processing UsingJenkinsWithACI-Pipeline
Offering UsingJenkinsWithACI-Pipeline to Project Build Discarder
Processing webex-pipeline-test
Offering webex-pipeline-test to Project Build Discarder
Finished at Sun Aug 22 15:13:01 UTC 2021. 1ms
Started at Sun Aug 22 16:13:01 UTC 2021
Processing Day0FabricSetup
Offering Day0FabricSetup to Project Build Discarder
Processing TenantOnboardingWithNAE
Offering TenantOnboardingWithNAE to Project Build Discarder
Processing UsingJenkinsWithACI-Freestyle
Offering UsingJenkinsWithACI-Freestyle to Project Build Discarder
Processing UsingJenkinsWithACI-Pipeline
Offering UsingJenkinsWithACI-Pipeline to Project Build Discarder
Processing webex-pipeline-test
Offering webex-pipeline-test to Project Build Discarder
Finished at Sun Aug 22 16:13:01 UTC 2021. 0ms
Started at Sun Aug 22 17:13:01 UTC 2021
Processing Day0FabricSetup
Offering Day0FabricSetup to Project Build Discarder
Processing TenantOnboardingWithNAE
Offering TenantOnboardingWithNAE to Project Build Discarder
Processing UsingJenkinsWithACI-Freestyle
Offering UsingJenkinsWithACI-Freestyle to Project Build Discarder
Processing UsingJenkinsWithACI-Pipeline
Offering UsingJenkinsWithACI-Pipeline to Project Build Discarder
Processing webex-pipeline-test
Offering webex-pipeline-test to Project Build Discarder
Finished at Sun Aug 22 17:13:01 UTC 2021. 1ms
Started at Sun Aug 22 18:13:01 UTC 2021
Processing Day0FabricSetup
Offering Day0FabricSetup to Project Build Discarder
Processing TenantOnboardingWithNAE
Offering TenantOnboardingWithNAE to Project Build Discarder
Processing UsingJenkinsWithACI-Freestyle
Offering UsingJenkinsWithACI-Freestyle to Project Build Discarder
Processing UsingJenkinsWithACI-Pipeline
Offering UsingJenkinsWithACI-Pipeline to Project Build Discarder
Processing webex-pipeline-test
Offering webex-pipeline-test to Project Build Discarder
Finished at Sun Aug 22 18:13:01 UTC 2021. 1ms
Started at Sun Aug 22 19:13:01 UTC 2021
Processing Day0FabricSetup
Offering Day0FabricSetup to Project Build Discarder
Processing TenantOnboardingWithNAE
Offering TenantOnboardingWithNAE to Project Build Discarder
Processing UsingJenkinsWithACI-Freestyle
Offering UsingJenkinsWithACI-Freestyle to Project Build Discarder
Processing UsingJenkinsWithACI-Pipeline
Offering UsingJenkinsWithACI-Pipeline to Project Build Discarder
Processing webex-pipeline-test
Offering webex-pipeline-test to Project Build Discarder
Finished at Sun Aug 22 19:13:01 UTC 2021. 1ms
Started at Sun Aug 22 20:13:01 UTC 2021
Processing Day0FabricSetup
Offering Day0FabricSetup to Project Build Discarder
Processing TenantOnboardingWithNAE
Offering TenantOnboardingWithNAE to Project Build Discarder
Processing UsingJenkinsWithACI-Freestyle
Offering UsingJenkinsWithACI-Freestyle to Project Build Discarder
Processing UsingJenkinsWithACI-Pipeline
Offering UsingJenkinsWithACI-Pipeline to Project Build Discarder
Processing webex-pipeline-test
Offering webex-pipeline-test to Project Build Discarder
Finished at Sun Aug 22 20:13:01 UTC 2021. 0ms
Started at Sun Aug 22 21:13:01 UTC 2021
Processing Day0FabricSetup
Offering Day0FabricSetup to Project Build Discarder
Processing TenantOnboardingWithNAE
Offering TenantOnboardingWithNAE to Project Build Discarder
Processing UsingJenkinsWithACI-Freestyle
Offering UsingJenkinsWithACI-Freestyle to Project Build Discarder
Processing UsingJenkinsWithACI-Pipeline
Offering UsingJenkinsWithACI-Pipeline to Project Build Discarder
Processing webex-pipeline-test
Offering webex-pipeline-test to Project Build Discarder
Finished at Sun Aug 22 21:13:01 UTC 2021. 0ms
Started at Sun Aug 22 22:13:01 UTC 2021
Processing Day0FabricSetup
Offering Day0FabricSetup to Project Build Discarder
Processing TenantOnboardingWithNAE
Offering TenantOnboardingWithNAE to Project Build Discarder
Processing UsingJenkinsWithACI-Freestyle
Offering UsingJenkinsWithACI-Freestyle to Project Build Discarder
Processing UsingJenkinsWithACI-Pipeline
Offering UsingJenkinsWithACI-Pipeline to Project Build Discarder
Processing webex-pipeline-test
Offering webex-pipeline-test to Project Build Discarder
Finished at Sun Aug 22 22:13:01 UTC 2021. 1ms
Started at Sun Aug 22 23:13:01 UTC 2021
Processing Day0FabricSetup
Offering Day0FabricSetup to Project Build Discarder
Processing TenantOnboardingWithNAE
Offering TenantOnboardingWithNAE to Project Build Discarder
Processing UsingJenkinsWithACI-Freestyle
Offering UsingJenkinsWithACI-Freestyle to Project Build Discarder
Processing UsingJenkinsWithACI-Pipeline
Offering UsingJenkinsWithACI-Pipeline to Project Build Discarder
Processing webex-pipeline-test
Offering webex-pipeline-test to Project Build Discarder
Finished at Sun Aug 22 23:13:01 UTC 2021. 1ms
Started at Mon Aug 23 00:13:01 UTC 2021
Processing Day0FabricSetup
Offering Day0FabricSetup to Project Build Discarder
Processing TenantOnboardingWithNAE
Offering TenantOnboardingWithNAE to Project Build Discarder
Processing UsingJenkinsWithACI-Freestyle
Offering UsingJenkinsWithACI-Freestyle to Project Build Discarder
Processing UsingJenkinsWithACI-Pipeline
Offering UsingJenkinsWithACI-Pipeline to Project Build Discarder
Processing webex-pipeline-test
Offering webex-pipeline-test to Project Build Discarder
Finished at Mon Aug 23 00:13:01 UTC 2021. 0ms
Started at Mon Aug 23 01:13:01 UTC 2021
Processing Day0FabricSetup
Offering Day0FabricSetup to Project Build Discarder
Processing TenantOnboardingWithNAE
Offering TenantOnboardingWithNAE to Project Build Discarder
Processing UsingJenkinsWithACI-Freestyle
Offering UsingJenkinsWithACI-Freestyle to Project Build Discarder
Processing UsingJenkinsWithACI-Pipeline
Offering UsingJenkinsWithACI-Pipeline to Project Build Discarder
Processing webex-pipeline-test
Offering webex-pipeline-test to Project Build Discarder
Finished at Mon Aug 23 01:13:01 UTC 2021. 1ms
Started at Mon Aug 23 02:13:01 UTC 2021
Processing Day0FabricSetup
Offering Day0FabricSetup to Project Build Discarder
Processing TenantOnboardingWithNAE
Offering TenantOnboardingWithNAE to Project Build Discarder
Processing UsingJenkinsWithACI-Freestyle
Offering UsingJenkinsWithACI-Freestyle to Project Build Discarder
Processing UsingJenkinsWithACI-Pipeline
Offering UsingJenkinsWithACI-Pipeline to Project Build Discarder
Processing webex-pipeline-test
Offering webex-pipeline-test to Project Build Discarder
Finished at Mon Aug 23 02:13:01 UTC 2021. 1ms
Started at Mon Aug 23 03:13:01 UTC 2021
Processing Day0FabricSetup
Offering Day0FabricSetup to Project Build Discarder
Processing TenantOnboardingWithNAE
Offering TenantOnboardingWithNAE to Project Build Discarder
Processing UsingJenkinsWithACI-Freestyle
Offering UsingJenkinsWithACI-Freestyle to Project Build Discarder
Processing UsingJenkinsWithACI-Pipeline
Offering UsingJenkinsWithACI-Pipeline to Project Build Discarder
Processing webex-pipeline-test
Offering webex-pipeline-test to Project Build Discarder
Finished at Mon Aug 23 03:13:01 UTC 2021. 1ms
Started at Mon Aug 23 04:13:01 UTC 2021
Processing Day0FabricSetup
Offering Day0FabricSetup to Project Build Discarder
Processing TenantOnboardingWithNAE
Offering TenantOnboardingWithNAE to Project Build Discarder
Processing UsingJenkinsWithACI-Freestyle
Offering UsingJenkinsWithACI-Freestyle to Project Build Discarder
Processing UsingJenkinsWithACI-Pipeline
Offering UsingJenkinsWithACI-Pipeline to Project Build Discarder
Processing webex-pipeline-test
Offering webex-pipeline-test to Project Build Discarder
Finished at Mon Aug 23 04:13:01 UTC 2021. 1ms
Started at Mon Aug 23 05:13:01 UTC 2021
Processing Day0FabricSetup
Offering Day0FabricSetup to Project Build Discarder
Processing TenantOnboardingWithNAE
Offering TenantOnboardingWithNAE to Project Build Discarder
Processing UsingJenkinsWithACI-Freestyle
Offering UsingJenkinsWithACI-Freestyle to Project Build Discarder
Processing UsingJenkinsWithACI-Pipeline
Offering UsingJenkinsWithACI-Pipeline to Project Build Discarder
Processing webex-pipeline-test
Offering webex-pipeline-test to Project Build Discarder
Finished at Mon Aug 23 05:13:01 UTC 2021. 1ms
Started at Mon Aug 23 06:13:01 UTC 2021
Processing Day0FabricSetup
Offering Day0FabricSetup to Project Build Discarder
Processing TenantOnboardingWithNAE
Offering TenantOnboardingWithNAE to Project Build Discarder
Processing UsingJenkinsWithACI-Freestyle
Offering UsingJenkinsWithACI-Freestyle to Project Build Discarder
Processing UsingJenkinsWithACI-Pipeline
Offering UsingJenkinsWithACI-Pipeline to Project Build Discarder
Processing webex-pipeline-test
Offering webex-pipeline-test to Project Build Discarder
Finished at Mon Aug 23 06:13:01 UTC 2021. 1ms
Started at Mon Aug 23 07:13:01 UTC 2021
Processing Day0FabricSetup
Offering Day0FabricSetup to Project Build Discarder
Processing TenantOnboardingWithNAE
Offering TenantOnboardingWithNAE to Project Build Discarder
Processing UsingJenkinsWithACI-Freestyle
Offering UsingJenkinsWithACI-Freestyle to Project Build Discarder
Processing UsingJenkinsWithACI-Pipeline
Offering UsingJenkinsWithACI-Pipeline to Project Build Discarder
Processing webex-pipeline-test
Offering webex-pipeline-test to Project Build Discarder
Finished at Mon Aug 23 07:13:01 UTC 2021. 1ms
